Using pre-set license
Built from '2020.3/staging' branch; Version is '2020.3.8f1 (507919d4fff5) revision 5273881'; Using compiler version '192528614'; Build Type 'Release'
OS: 'Windows 10 Home Single Language; OS build 19043.1151; Version 2009; 64bit' Language: 'en' Physical Memory: 7834 MB
BatchMode: 1, IsHumanControllingUs: 0, StartBugReporterOnCrash: 0, Is64bit: 1, IsPro: 0

 COMMAND LINE ARGUMENTS:
C:\Program Files\Unity\Editor\Unity.exe
-adb2
-batchMode
-noUpm
-name
AssetImportWorker0
-projectPath
C:/Users/HP/ARMidAir
-logFile
Logs/AssetImportWorker0.log
-srvPort
59518
Successfully changed project path to: C:/Users/HP/ARMidAir
C:/Users/HP/ARMidAir
Using Asset Import Pipeline V2.
Refreshing native plugins compatible for Editor in 85.53 ms, found 3 plugins.
Preloading 2 native plugins for Editor in 9.03 ms.
Initialize engine version: 2020.3.8f1 (507919d4fff5)
[Subsystems] Discovering subsystems at path C:/Program Files/Unity/Editor/Data/Resources/UnitySubsystems
[Subsystems] Discovering subsystems at path C:/Users/HP/ARMidAir/Assets
GfxDevice: creating device client; threaded=0
Direct3D:
    Version:  Direct3D 11.0 [level 11.1]
    Renderer: Intel(R) Iris(R) Xe Graphics (ID=0x9a49)
    Vendor:   
    VRAM:     3917 MB
    Driver:   27.20.100.8935
Initialize mono
Mono path[0] = 'C:/Program Files/Unity/Editor/Data/Managed'
Mono path[1] = 'C:/Program Files/Unity/Editor/Data/MonoBleedingEdge/lib/mono/unityjit'
Mono config path = 'C:/Program Files/Unity/Editor/Data/MonoBleedingEdge/etc'
Using monoOptions --debugger-agent=transport=dt_socket,embedding=1,server=y,suspend=n,address=127.0.0.1:56552
Begin MonoManager ReloadAssembly
Registering precompiled unity dll's ...
Register platform support module: C:/Program Files/Unity/Editor/Data/PlaybackEngines/WindowsStandaloneSupport/UnityEditor.WindowsStandalone.Extensions.dll
Registered in 0.004571 seconds.
Native extension for WindowsStandalone target not found
Refreshing native plugins compatible for Editor in 71.22 ms, found 3 plugins.
Preloading 2 native plugins for Editor in 0.27 ms.
Mono: successfully reloaded assembly
- Completed reload, in  2.216 seconds
Platform modules already initialized, skipping
Registering precompiled user dll's ...
Registered in 0.017785 seconds.
Begin MonoManager ReloadAssembly
Native extension for WindowsStandalone target not found
Refreshing native plugins compatible for Editor in 0.81 ms, found 3 plugins.
Preloading 2 native plugins for Editor in 0.29 ms.
System.NullReferenceException: Object reference not set to an instance of an object
  at Vuforia.EditorClasses.ExtensionTypeProvider.GetVuforiaPackageAbsPath () [0x0004a] in <1f04276909b0489a92cbf64024dd27dd>:0 
  at Vuforia.EditorClasses.ExtensionTypeProvider.IsPackageManager () [0x00000] in <1f04276909b0489a92cbf64024dd27dd>:0 
  at Vuforia.EditorClasses.ExtensionTypeProvider.ResolvePluginType () [0x00009] in <1f04276909b0489a92cbf64024dd27dd>:0 
  at Vuforia.EditorClasses.ExtensionTypeProvider.GetPluginType () [0x0000c] in <1f04276909b0489a92cbf64024dd27dd>:0 
  at Vuforia.EditorClasses.VuforiaUtilities.IsVuforiaEnabledInPlayerSettings () [0x00000] in <1f04276909b0489a92cbf64024dd27dd>:0 
  at VuforiaEnabledObserver..cctor () [0x00000] in <1f04276909b0489a92cbf64024dd27dd>:0 
UnityEngine.StackTraceUtility:ExtractStackTrace ()
UnityEngine.DebugLogHandler:LogFormat (UnityEngine.LogType,UnityEngine.Object,string,object[])
UnityEngine.Logger:Log (UnityEngine.LogType,object)
UnityEngine.Debug:LogError (object)
UnityEditor.EditorAssemblies:ProcessInitializeOnLoadAttributes (System.Type[])

System.NullReferenceException: Object reference not set to an instance of an object
  at Vuforia.EditorClasses.ExtensionTypeProvider.GetVuforiaPackageAbsPath () [0x0004a] in <1f04276909b0489a92cbf64024dd27dd>:0 
  at Vuforia.EditorClasses.ExtensionTypeProvider.IsPackageManager () [0x00000] in <1f04276909b0489a92cbf64024dd27dd>:0 
  at Vuforia.EditorClasses.ExtensionTypeProvider.ResolvePluginType () [0x00009] in <1f04276909b0489a92cbf64024dd27dd>:0 
  at Vuforia.EditorClasses.ExtensionTypeProvider.GetPluginType () [0x0000c] in <1f04276909b0489a92cbf64024dd27dd>:0 
  at Vuforia.EditorClasses.VuforiaUtilities.IsVuforiaEnabledInPlayerSettings () [0x00000] in <1f04276909b0489a92cbf64024dd27dd>:0 
  at Vuforia.EditorClasses.InitializeOnLoadVuforiaTaskRunner..cctor () [0x00015] in <1f04276909b0489a92cbf64024dd27dd>:0 
UnityEngine.StackTraceUtility:ExtractStackTrace ()
UnityEngine.DebugLogHandler:LogFormat (UnityEngine.LogType,UnityEngine.Object,string,object[])
UnityEngine.Logger:Log (UnityEngine.LogType,object)
UnityEngine.Debug:LogError (object)
UnityEditor.EditorAssemblies:ProcessInitializeOnLoadAttributes (System.Type[])

Mono: successfully reloaded assembly
- Completed reload, in  1.784 seconds
Platform modules already initialized, skipping
========================================================================
Worker process is ready to serve import requests
Launched and connected shader compiler UnityShaderCompiler.exe after 0.08 seconds
Refreshing native plugins compatible for Editor in 0.92 ms, found 3 plugins.
Preloading 2 native plugins for Editor in 0.25 ms.
Unloading 1246 Unused Serialized files (Serialized files now loaded: 0)
System memory in use before: 66.1 MB.
System memory in use after: 66.2 MB.

Unloading 38 unused Assets to reduce memory usage. Loaded Objects now: 1956.
Total: 3.659000 ms (FindLiveObjects: 0.230500 ms CreateObjectMapping: 0.078700 ms MarkObjects: 3.138500 ms  DeleteObjects: 0.209100 ms)

========================================================================
Received Import Request.
  path: Assets/Resources/VuforiaConfiguration.asset
  artifactKey: Guid(564b39b512c48e54c8aed3c0ecb0f4ce) Importer(815301076,1909f56bfc062723c751e8b465ee728b)
Start importing Assets/Resources/VuforiaConfiguration.asset using Guid(564b39b512c48e54c8aed3c0ecb0f4ce) Importer(815301076,1909f56bfc062723c751e8b465ee728b)  -> (artifact id: 'bdfbb178e57a7a03fc14ef9b549b6875') in 0.062220 seconds
  Import took 0.067368 seconds .

========================================================================
Received Import Request.
  Time since last request: 60.904618 seconds.
  path: Assets/Resources/VuforiaConfiguration.asset
  artifactKey: Guid(564b39b512c48e54c8aed3c0ecb0f4ce) Importer(815301076,1909f56bfc062723c751e8b465ee728b)
Start importing Assets/Resources/VuforiaConfiguration.asset using Guid(564b39b512c48e54c8aed3c0ecb0f4ce) Importer(815301076,1909f56bfc062723c751e8b465ee728b)  -> (artifact id: '750da019894539842c22baff2cebdf3d') in 0.006084 seconds
  Import took 0.010441 seconds .

========================================================================
Received Import Request.
  Time since last request: 0.015707 seconds.
  path: Assets/Resources/VuforiaConfiguration.asset
  artifactKey: Guid(564b39b512c48e54c8aed3c0ecb0f4ce) Importer(815301076,1909f56bfc062723c751e8b465ee728b)
Start importing Assets/Resources/VuforiaConfiguration.asset using Guid(564b39b512c48e54c8aed3c0ecb0f4ce) Importer(815301076,1909f56bfc062723c751e8b465ee728b)  -> (artifact id: '750da019894539842c22baff2cebdf3d') in 0.006266 seconds
  Import took 0.010875 seconds .

========================================================================
Received Prepare
Refreshing native plugins compatible for Editor in 19.89 ms, found 3 plugins.
Preloading 2 native plugins for Editor in 0.22 ms.
Unloading 31 Unused Serialized files (Serialized files now loaded: 0)
System memory in use before: 40.1 MB.
System memory in use after: 40.1 MB.

Unloading 31 unused Assets to reduce memory usage. Loaded Objects now: 1956.
Total: 4.993800 ms (FindLiveObjects: 0.247700 ms CreateObjectMapping: 0.073500 ms MarkObjects: 4.540100 ms  DeleteObjects: 0.130400 ms)

AssetImportWorkerClient::OnTransportError - code=2 error=End of file
